<?xml version="1.0" encoding="UTF-8"?>
<!-- Generated by org.testng.reporters.JUnitReportReporter -->
<testsuite skipped="0" hostname="DESKTOP-KR0BRDU" name="com.victorSolutions.Sample" tests="2" failures="0" timestamp="11 Mar 2021 11:56:38 GMT" time="0.023" errors="0">
  <testcase name="createOrg" time="0.022" classname="com.victorSolutions.Sample"/>
  <testcase name="createProduct" time="0.001" classname="com.victorSolutions.Sample"/>
</testsuite> <!-- com.victorSolutions.Sample -->
